<?xml version="1.0" encoding="UTF-8"?>
<testng-results skipped="0" failed="0" ignored="0" total="0" passed="0">
  <reporter-output>
  </reporter-output>
  <suite name="Suite" duration-ms="49" started-at="2022-01-06T03:29:55 IST" finished-at="2022-01-06T03:29:55 IST">
    <groups>
    </groups>
    <test name="Test" duration-ms="13" started-at="2022-01-06T03:29:55 IST" finished-at="2022-01-06T03:29:55 IST">
    </test> <!-- Test -->
    <test name="Test1" duration-ms="2" started-at="2022-01-06T03:29:55 IST" finished-at="2022-01-06T03:29:55 IST">
    </test> <!-- Test1 -->
  </suite> <!-- Suite -->
</testng-results>
